Replace Part C? Ñ-0603 in C:\Users\MRem\Documents\GitHub\RPi\RPi-rev.1\HDMI.SchDoc with Ñ-0603 from Schlib1.SchLib
Replace Part C? Ñ-0603 in C:\Users\MRem\Documents\GitHub\RPi\RPi-rev.1\HDMI.SchDoc with Ñ-0603 from Schlib1.SchLib
Replace Part C? Ñ-0603 in C:\Users\MRem\Documents\GitHub\RPi\RPi-rev.1\HDMI.SchDoc with Ñ-0603 from Schlib1.SchLib
Replace Part C? Ñ-0402 in C:\Users\MRem\Documents\GitHub\RPi\RPi-rev.1\HDMI.SchDoc with Ñ-0402 from Schlib1.SchLib
Replace Part C? Ñ-0603 in C:\Users\MRem\Documents\GitHub\RPi\RPi-rev.1\HDMI.SchDoc with Ñ-0603 from Schlib1.SchLib
Replace Part C? Ñ-0603 in C:\Users\MRem\Documents\GitHub\RPi\RPi-rev.1\HDMI.SchDoc with Ñ-0603 from Schlib1.SchLib
Replace Part C? Ñ-0805 in C:\Users\MRem\Documents\GitHub\RPi\RPi-rev.1\HDMI.SchDoc with Ñ-0805 from Schlib1.SchLib
Replace Part C? Ñ-0805 in C:\Users\MRem\Documents\GitHub\RPi\RPi-rev.1\HDMI.SchDoc with Ñ-0805 from Schlib1.SchLib
Replace Part DA? ESD224 in C:\Users\MRem\Documents\GitHub\RPi\RPi-rev.1\HDMI.SchDoc with ESD224 from Schlib1.SchLib
Replace Part DA? ESD224 in C:\Users\MRem\Documents\GitHub\RPi\RPi-rev.1\HDMI.SchDoc with ESD224 from Schlib1.SchLib
Replace Part DD? bcm2835 in C:\Users\MRem\Documents\GitHub\RPi\RPi-rev.1\HDMI.SchDoc with bcm2835 from Schlib1.SchLib
Replace Part DD? bcm2835 in C:\Users\MRem\Documents\GitHub\RPi\RPi-rev.1\HDMI.SchDoc with bcm2835 from Schlib1.SchLib
Replace Part DD? bcm2835 in C:\Users\MRem\Documents\GitHub\RPi\RPi-rev.1\HDMI.SchDoc with bcm2835 from Schlib1.SchLib
Replace Part DD? bcm2835 in C:\Users\MRem\Documents\GitHub\RPi\RPi-rev.1\HDMI.SchDoc with bcm2835 from Schlib1.SchLib
Replace Part HL? LED 0603 in C:\Users\MRem\Documents\GitHub\RPi\RPi-rev.1\HDMI.SchDoc with LED 0603 from Schlib1.SchLib
Replace Part L? Ferrite Bead 0805 in C:\Users\MRem\Documents\GitHub\RPi\RPi-rev.1\HDMI.SchDoc with Ferrite Bead 0805 from Schlib1.SchLib
Replace Part L? Ferrite Bead 0805 in C:\Users\MRem\Documents\GitHub\RPi\RPi-rev.1\HDMI.SchDoc with Ferrite Bead 0805 from Schlib1.SchLib
Replace Part R? R-0603 in C:\Users\MRem\Documents\GitHub\RPi\RPi-rev.1\HDMI.SchDoc with R-0603 from Schlib1.SchLib
Replace Part R? R-0603 in C:\Users\MRem\Documents\GitHub\RPi\RPi-rev.1\HDMI.SchDoc with R-0603 from Schlib1.SchLib
Replace Part R? R-0603 in C:\Users\MRem\Documents\GitHub\RPi\RPi-rev.1\HDMI.SchDoc with R-0603 from Schlib1.SchLib
Replace Part R? R-0603 in C:\Users\MRem\Documents\GitHub\RPi\RPi-rev.1\HDMI.SchDoc with R-0603 from Schlib1.SchLib
Replace Part R? R-0603 in C:\Users\MRem\Documents\GitHub\RPi\RPi-rev.1\HDMI.SchDoc with R-0603 from Schlib1.SchLib
Replace Part R? R-0603 in C:\Users\MRem\Documents\GitHub\RPi\RPi-rev.1\HDMI.SchDoc with R-0603 from Schlib1.SchLib
Replace Part R? R-0603 in C:\Users\MRem\Documents\GitHub\RPi\RPi-rev.1\HDMI.SchDoc with R-0603 from Schlib1.SchLib
Replace Part R? R-0402 in C:\Users\MRem\Documents\GitHub\RPi\RPi-rev.1\HDMI.SchDoc with R-0402 from Schlib1.SchLib
Replace Part R? R-0402 in C:\Users\MRem\Documents\GitHub\RPi\RPi-rev.1\HDMI.SchDoc with R-0402 from Schlib1.SchLib
Replace Part R? R-0402 in C:\Users\MRem\Documents\GitHub\RPi\RPi-rev.1\HDMI.SchDoc with R-0402 from Schlib1.SchLib
Replace Part R? R-0402 in C:\Users\MRem\Documents\GitHub\RPi\RPi-rev.1\HDMI.SchDoc with R-0402 from Schlib1.SchLib
Replace Part R? R-0402 in C:\Users\MRem\Documents\GitHub\RPi\RPi-rev.1\HDMI.SchDoc with R-0402 from Schlib1.SchLib
Replace Part XP? kls1-tf in C:\Users\MRem\Documents\GitHub\RPi\RPi-rev.1\HDMI.SchDoc with kls1-tf from Schlib1.SchLib
Replace Part XP? PLS-26-2 in C:\Users\MRem\Documents\GitHub\RPi\RPi-rev.1\HDMI.SchDoc with PLS-26-2 from Schlib1.SchLib
Replace Part XS? Mini HDMI in C:\Users\MRem\Documents\GitHub\RPi\RPi-rev.1\HDMI.SchDoc with Mini HDMI from Schlib1.SchLib
