Replace Part C42 Ñ-0603 in C:\Users\MRem\Documents\GitHub\RPi\RPi-rev.1\HDMI.SchDoc with Ñ-0603 from Schlib1.SchLib
Replace Part C43 Ñ-0603 in C:\Users\MRem\Documents\GitHub\RPi\RPi-rev.1\HDMI.SchDoc with Ñ-0603 from Schlib1.SchLib
Replace Part C44 Ñ-0603 in C:\Users\MRem\Documents\GitHub\RPi\RPi-rev.1\HDMI.SchDoc with Ñ-0603 from Schlib1.SchLib
Replace Part C45 Ñ-0603 in C:\Users\MRem\Documents\GitHub\RPi\RPi-rev.1\HDMI.SchDoc with Ñ-0603 from Schlib1.SchLib
Replace Part C46 Ñ-0603 in C:\Users\MRem\Documents\GitHub\RPi\RPi-rev.1\HDMI.SchDoc with Ñ-0603 from Schlib1.SchLib
Replace Part C47 Ñ-0805 in C:\Users\MRem\Documents\GitHub\RPi\RPi-rev.1\HDMI.SchDoc with Ñ-0805 from Schlib1.SchLib
Replace Part C48 Ñ-0805 in C:\Users\MRem\Documents\GitHub\RPi\RPi-rev.1\HDMI.SchDoc with Ñ-0805 from Schlib1.SchLib
Replace Part C49 Ñ-0402 in C:\Users\MRem\Documents\GitHub\RPi\RPi-rev.1\HDMI.SchDoc with Ñ-0402 from Schlib1.SchLib
Replace Part DA4 ESD224 in C:\Users\MRem\Documents\GitHub\RPi\RPi-rev.1\HDMI.SchDoc with ESD224 from Schlib1.SchLib
Replace Part DA5 ESD224 in C:\Users\MRem\Documents\GitHub\RPi\RPi-rev.1\HDMI.SchDoc with ESD224 from Schlib1.SchLib
Replace Part DD1 bcm2835 in C:\Users\MRem\Documents\GitHub\RPi\RPi-rev.1\HDMI.SchDoc with bcm2835 from Schlib1.SchLib
Replace Part DD1 bcm2835 in C:\Users\MRem\Documents\GitHub\RPi\RPi-rev.1\HDMI.SchDoc with bcm2835 from Schlib1.SchLib
Replace Part DD1 bcm2835 in C:\Users\MRem\Documents\GitHub\RPi\RPi-rev.1\HDMI.SchDoc with bcm2835 from Schlib1.SchLib
Replace Part DD1 bcm2835 in C:\Users\MRem\Documents\GitHub\RPi\RPi-rev.1\HDMI.SchDoc with bcm2835 from Schlib1.SchLib
Replace Part HL1 LED 0603 in C:\Users\MRem\Documents\GitHub\RPi\RPi-rev.1\HDMI.SchDoc with LED 0603 from Schlib1.SchLib
Replace Part L2 Ferrite Bead 0805 in C:\Users\MRem\Documents\GitHub\RPi\RPi-rev.1\HDMI.SchDoc with Ferrite Bead 0805 from Schlib1.SchLib
Replace Part L3 Ferrite Bead 0805 in C:\Users\MRem\Documents\GitHub\RPi\RPi-rev.1\HDMI.SchDoc with Ferrite Bead 0805 from Schlib1.SchLib
Replace Part R3 R-0603 in C:\Users\MRem\Documents\GitHub\RPi\RPi-rev.1\HDMI.SchDoc with R-0603 from Schlib1.SchLib
Replace Part R4 R-0603 in C:\Users\MRem\Documents\GitHub\RPi\RPi-rev.1\HDMI.SchDoc with R-0603 from Schlib1.SchLib
Replace Part R5 R-0603 in C:\Users\MRem\Documents\GitHub\RPi\RPi-rev.1\HDMI.SchDoc with R-0603 from Schlib1.SchLib
Replace Part R6 R-0603 in C:\Users\MRem\Documents\GitHub\RPi\RPi-rev.1\HDMI.SchDoc with R-0603 from Schlib1.SchLib
Replace Part R7 R-0603 in C:\Users\MRem\Documents\GitHub\RPi\RPi-rev.1\HDMI.SchDoc with R-0603 from Schlib1.SchLib
Replace Part R8 R-0603 in C:\Users\MRem\Documents\GitHub\RPi\RPi-rev.1\HDMI.SchDoc with R-0603 from Schlib1.SchLib
Replace Part R9 R-0603 in C:\Users\MRem\Documents\GitHub\RPi\RPi-rev.1\HDMI.SchDoc with R-0603 from Schlib1.SchLib
Replace Part R10 R-0402 in C:\Users\MRem\Documents\GitHub\RPi\RPi-rev.1\HDMI.SchDoc with R-0402 from Schlib1.SchLib
Replace Part R11 R-0402 in C:\Users\MRem\Documents\GitHub\RPi\RPi-rev.1\HDMI.SchDoc with R-0402 from Schlib1.SchLib
Replace Part R12 R-0402 in C:\Users\MRem\Documents\GitHub\RPi\RPi-rev.1\HDMI.SchDoc with R-0402 from Schlib1.SchLib
Replace Part R13 R-0402 in C:\Users\MRem\Documents\GitHub\RPi\RPi-rev.1\HDMI.SchDoc with R-0402 from Schlib1.SchLib
Replace Part R14 R-0402 in C:\Users\MRem\Documents\GitHub\RPi\RPi-rev.1\HDMI.SchDoc with R-0402 from Schlib1.SchLib
Replace Part XP1 PLS-26-2 in C:\Users\MRem\Documents\GitHub\RPi\RPi-rev.1\HDMI.SchDoc with PLS-26-2 from Schlib1.SchLib
Replace Part XP2 kls1-tf in C:\Users\MRem\Documents\GitHub\RPi\RPi-rev.1\HDMI.SchDoc with kls1-tf from Schlib1.SchLib
Replace Part XS2 Mini HDMI in C:\Users\MRem\Documents\GitHub\RPi\RPi-rev.1\HDMI.SchDoc with Mini HDMI from Schlib1.SchLib
