Replace Part C? Ñ-0402 in C:\Users\MRem\Documents\GitHub\RPi\RPi-rev.1\LAN.SchDoc with Ñ-0402 from Schlib1.SchLib
Replace Part C? Ñ-0402 in C:\Users\MRem\Documents\GitHub\RPi\RPi-rev.1\LAN.SchDoc with Ñ-0402 from Schlib1.SchLib
Replace Part C? Ñ-0402 in C:\Users\MRem\Documents\GitHub\RPi\RPi-rev.1\LAN.SchDoc with Ñ-0402 from Schlib1.SchLib
Replace Part C? Ñ-0402 in C:\Users\MRem\Documents\GitHub\RPi\RPi-rev.1\LAN.SchDoc with Ñ-0402 from Schlib1.SchLib
Replace Part C? Ñ-0402 in C:\Users\MRem\Documents\GitHub\RPi\RPi-rev.1\LAN.SchDoc with Ñ-0402 from Schlib1.SchLib
Replace Part C? Ñ-0402 in C:\Users\MRem\Documents\GitHub\RPi\RPi-rev.1\LAN.SchDoc with Ñ-0402 from Schlib1.SchLib
Replace Part C? Ñ-0402 in C:\Users\MRem\Documents\GitHub\RPi\RPi-rev.1\LAN.SchDoc with Ñ-0402 from Schlib1.SchLib
Replace Part C? Ñ-0402 in C:\Users\MRem\Documents\GitHub\RPi\RPi-rev.1\LAN.SchDoc with Ñ-0402 from Schlib1.SchLib
Replace Part C? Ñ-0603 in C:\Users\MRem\Documents\GitHub\RPi\RPi-rev.1\LAN.SchDoc with Ñ-0603 from Schlib1.SchLib
Replace Part C? Ñ-0603 in C:\Users\MRem\Documents\GitHub\RPi\RPi-rev.1\LAN.SchDoc with Ñ-0603 from Schlib1.SchLib
Replace Part C? Ñ-0603 in C:\Users\MRem\Documents\GitHub\RPi\RPi-rev.1\LAN.SchDoc with Ñ-0603 from Schlib1.SchLib
Replace Part C? Ñ-0402 in C:\Users\MRem\Documents\GitHub\RPi\RPi-rev.1\LAN.SchDoc with Ñ-0402 from Schlib1.SchLib
Replace Part C? Ñ-0603 in C:\Users\MRem\Documents\GitHub\RPi\RPi-rev.1\LAN.SchDoc with Ñ-0603 from Schlib1.SchLib
Replace Part C? Ñ-0603 in C:\Users\MRem\Documents\GitHub\RPi\RPi-rev.1\LAN.SchDoc with Ñ-0603 from Schlib1.SchLib
Replace Part DD? LAN9512 in C:\Users\MRem\Documents\GitHub\RPi\RPi-rev.1\LAN.SchDoc with LAN9512 from Schlib1.SchLib
Replace Part DD? bcm2835 in C:\Users\MRem\Documents\GitHub\RPi\RPi-rev.1\LAN.SchDoc with bcm2835 from Schlib1.SchLib
Replace Part HL? LED 0603 in C:\Users\MRem\Documents\GitHub\RPi\RPi-rev.1\LAN.SchDoc with LED 0603 from Schlib1.SchLib
Replace Part HL? LED 0603 in C:\Users\MRem\Documents\GitHub\RPi\RPi-rev.1\LAN.SchDoc with LED 0603 from Schlib1.SchLib
Replace Part L? Ferrite Bead 0805 in C:\Users\MRem\Documents\GitHub\RPi\RPi-rev.1\LAN.SchDoc with Ferrite Bead 0805 from Schlib1.SchLib
Replace Part R? R-0603 in C:\Users\MRem\Documents\GitHub\RPi\RPi-rev.1\LAN.SchDoc with R-0603 from Schlib1.SchLib
Replace Part R? R-0603 in C:\Users\MRem\Documents\GitHub\RPi\RPi-rev.1\LAN.SchDoc with R-0603 from Schlib1.SchLib
Replace Part R? R-0603 in C:\Users\MRem\Documents\GitHub\RPi\RPi-rev.1\LAN.SchDoc with R-0603 from Schlib1.SchLib
Replace Part R? R-0603 in C:\Users\MRem\Documents\GitHub\RPi\RPi-rev.1\LAN.SchDoc with R-0603 from Schlib1.SchLib
Replace Part R? R-0603 in C:\Users\MRem\Documents\GitHub\RPi\RPi-rev.1\LAN.SchDoc with R-0603 from Schlib1.SchLib
Replace Part R? R-0603 in C:\Users\MRem\Documents\GitHub\RPi\RPi-rev.1\LAN.SchDoc with R-0603 from Schlib1.SchLib
Replace Part R? R-0402 in C:\Users\MRem\Documents\GitHub\RPi\RPi-rev.1\LAN.SchDoc with R-0402 from Schlib1.SchLib
Replace Part R? R-0603 in C:\Users\MRem\Documents\GitHub\RPi\RPi-rev.1\LAN.SchDoc with R-0603 from Schlib1.SchLib
Replace Part R? R-0603 in C:\Users\MRem\Documents\GitHub\RPi\RPi-rev.1\LAN.SchDoc with R-0603 from Schlib1.SchLib
Replace Part R? R-0603 in C:\Users\MRem\Documents\GitHub\RPi\RPi-rev.1\LAN.SchDoc with R-0603 from Schlib1.SchLib
Replace Part R? R-0603 in C:\Users\MRem\Documents\GitHub\RPi\RPi-rev.1\LAN.SchDoc with R-0603 from Schlib1.SchLib
Replace Part R? R-0402 in C:\Users\MRem\Documents\GitHub\RPi\RPi-rev.1\LAN.SchDoc with R-0402 from Schlib1.SchLib
Replace Part R? R-0402 in C:\Users\MRem\Documents\GitHub\RPi\RPi-rev.1\LAN.SchDoc with R-0402 from Schlib1.SchLib
Replace Part VD? SS24 in C:\Users\MRem\Documents\GitHub\RPi\RPi-rev.1\LAN.SchDoc with SS24 from Schlib1.SchLib
Replace Part VD? SS24 in C:\Users\MRem\Documents\GitHub\RPi\RPi-rev.1\LAN.SchDoc with SS24 from Schlib1.SchLib
Replace Part XS? RJ-45 in C:\Users\MRem\Documents\GitHub\RPi\RPi-rev.1\LAN.SchDoc with RJ-45 from Schlib1.SchLib
Replace Part XS? Micro-USB in C:\Users\MRem\Documents\GitHub\RPi\RPi-rev.1\LAN.SchDoc with Micro-USB from Schlib1.SchLib
Replace Part XS? Micro-USB in C:\Users\MRem\Documents\GitHub\RPi\RPi-rev.1\LAN.SchDoc with Micro-USB from Schlib1.SchLib
Replace Part ZQ? TXC19.2 in C:\Users\MRem\Documents\GitHub\RPi\RPi-rev.1\LAN.SchDoc with TXC19.2 from Schlib1.SchLib
