Replace Part C50 Ñ-0603 in C:\Users\MRem\Documents\GitHub\RPi\RPi-rev.1\LAN.SchDoc with Ñ-0603 from Schlib1.SchLib
Replace Part C51 Ñ-0402 in C:\Users\MRem\Documents\GitHub\RPi\RPi-rev.1\LAN.SchDoc with Ñ-0402 from Schlib1.SchLib
Replace Part C52 Ñ-0402 in C:\Users\MRem\Documents\GitHub\RPi\RPi-rev.1\LAN.SchDoc with Ñ-0402 from Schlib1.SchLib
Replace Part C53 Ñ-0402 in C:\Users\MRem\Documents\GitHub\RPi\RPi-rev.1\LAN.SchDoc with Ñ-0402 from Schlib1.SchLib
Replace Part C54 Ñ-0402 in C:\Users\MRem\Documents\GitHub\RPi\RPi-rev.1\LAN.SchDoc with Ñ-0402 from Schlib1.SchLib
Replace Part C55 Ñ-0402 in C:\Users\MRem\Documents\GitHub\RPi\RPi-rev.1\LAN.SchDoc with Ñ-0402 from Schlib1.SchLib
Replace Part C56 Ñ-0402 in C:\Users\MRem\Documents\GitHub\RPi\RPi-rev.1\LAN.SchDoc with Ñ-0402 from Schlib1.SchLib
Replace Part C57 Ñ-0603 in C:\Users\MRem\Documents\GitHub\RPi\RPi-rev.1\LAN.SchDoc with Ñ-0603 from Schlib1.SchLib
Replace Part C58 Ñ-0402 in C:\Users\MRem\Documents\GitHub\RPi\RPi-rev.1\LAN.SchDoc with Ñ-0402 from Schlib1.SchLib
Replace Part C59 Ñ-0603 in C:\Users\MRem\Documents\GitHub\RPi\RPi-rev.1\LAN.SchDoc with Ñ-0603 from Schlib1.SchLib
Replace Part C60 Ñ-0603 in C:\Users\MRem\Documents\GitHub\RPi\RPi-rev.1\LAN.SchDoc with Ñ-0603 from Schlib1.SchLib
Replace Part C61 Ñ-0402 in C:\Users\MRem\Documents\GitHub\RPi\RPi-rev.1\LAN.SchDoc with Ñ-0402 from Schlib1.SchLib
Replace Part C62 Ñ-0402 in C:\Users\MRem\Documents\GitHub\RPi\RPi-rev.1\LAN.SchDoc with Ñ-0402 from Schlib1.SchLib
Replace Part C63 Ñ-0603 in C:\Users\MRem\Documents\GitHub\RPi\RPi-rev.1\LAN.SchDoc with Ñ-0603 from Schlib1.SchLib
Replace Part DD1 bcm2835 in C:\Users\MRem\Documents\GitHub\RPi\RPi-rev.1\LAN.SchDoc with bcm2835 from Schlib1.SchLib
Replace Part DD2 LAN9512 in C:\Users\MRem\Documents\GitHub\RPi\RPi-rev.1\LAN.SchDoc with LAN9512 from Schlib1.SchLib
Replace Part HL2 LED 0603 in C:\Users\MRem\Documents\GitHub\RPi\RPi-rev.1\LAN.SchDoc with LED 0603 from Schlib1.SchLib
Replace Part HL3 LED 0603 in C:\Users\MRem\Documents\GitHub\RPi\RPi-rev.1\LAN.SchDoc with LED 0603 from Schlib1.SchLib
Replace Part L4 Ferrite Bead 0805 in C:\Users\MRem\Documents\GitHub\RPi\RPi-rev.1\LAN.SchDoc with Ferrite Bead 0805 from Schlib1.SchLib
Replace Part R15 R-0603 in C:\Users\MRem\Documents\GitHub\RPi\RPi-rev.1\LAN.SchDoc with R-0603 from Schlib1.SchLib
Replace Part R16 R-0603 in C:\Users\MRem\Documents\GitHub\RPi\RPi-rev.1\LAN.SchDoc with R-0603 from Schlib1.SchLib
Replace Part R17 R-0603 in C:\Users\MRem\Documents\GitHub\RPi\RPi-rev.1\LAN.SchDoc with R-0603 from Schlib1.SchLib
Replace Part R18 R-0603 in C:\Users\MRem\Documents\GitHub\RPi\RPi-rev.1\LAN.SchDoc with R-0603 from Schlib1.SchLib
Replace Part R19 R-0603 in C:\Users\MRem\Documents\GitHub\RPi\RPi-rev.1\LAN.SchDoc with R-0603 from Schlib1.SchLib
Replace Part R20 R-0402 in C:\Users\MRem\Documents\GitHub\RPi\RPi-rev.1\LAN.SchDoc with R-0402 from Schlib1.SchLib
Replace Part R21 R-0402 in C:\Users\MRem\Documents\GitHub\RPi\RPi-rev.1\LAN.SchDoc with R-0402 from Schlib1.SchLib
Replace Part R22 R-0402 in C:\Users\MRem\Documents\GitHub\RPi\RPi-rev.1\LAN.SchDoc with R-0402 from Schlib1.SchLib
Replace Part R23 R-0603 in C:\Users\MRem\Documents\GitHub\RPi\RPi-rev.1\LAN.SchDoc with R-0603 from Schlib1.SchLib
Replace Part R24 R-0603 in C:\Users\MRem\Documents\GitHub\RPi\RPi-rev.1\LAN.SchDoc with R-0603 from Schlib1.SchLib
Replace Part R25 R-0603 in C:\Users\MRem\Documents\GitHub\RPi\RPi-rev.1\LAN.SchDoc with R-0603 from Schlib1.SchLib
Replace Part R26 R-0603 in C:\Users\MRem\Documents\GitHub\RPi\RPi-rev.1\LAN.SchDoc with R-0603 from Schlib1.SchLib
Replace Part R27 R-0603 in C:\Users\MRem\Documents\GitHub\RPi\RPi-rev.1\LAN.SchDoc with R-0603 from Schlib1.SchLib
Replace Part VD2 SS24 in C:\Users\MRem\Documents\GitHub\RPi\RPi-rev.1\LAN.SchDoc with SS24 from Schlib1.SchLib
Replace Part VD3 SS24 in C:\Users\MRem\Documents\GitHub\RPi\RPi-rev.1\LAN.SchDoc with SS24 from Schlib1.SchLib
Replace Part XS3 Micro-USB in C:\Users\MRem\Documents\GitHub\RPi\RPi-rev.1\LAN.SchDoc with Micro-USB from Schlib1.SchLib
Replace Part XS4 Micro-USB in C:\Users\MRem\Documents\GitHub\RPi\RPi-rev.1\LAN.SchDoc with Micro-USB from Schlib1.SchLib
Replace Part XS5 RJ-45 in C:\Users\MRem\Documents\GitHub\RPi\RPi-rev.1\LAN.SchDoc with RJ-45 from Schlib1.SchLib
Replace Part ZQ2 TXC19.2 in C:\Users\MRem\Documents\GitHub\RPi\RPi-rev.1\LAN.SchDoc with TXC19.2 from Schlib1.SchLib
