Replace Part C? Ñ in C:\Users\MRem\Documents\GitHub\RPi\RPi-rev.1\Power.SchDoc with Ñ from Schlib1.SchLib
Replace Part C? Ñ-1206 in C:\Users\MRem\Documents\GitHub\RPi\RPi-rev.1\Power.SchDoc with Ñ-1206 from Schlib1.SchLib
Replace Part C? Ñ-1206 in C:\Users\MRem\Documents\GitHub\RPi\RPi-rev.1\Power.SchDoc with Ñ-1206 from Schlib1.SchLib
Replace Part C? Ñ-0805 in C:\Users\MRem\Documents\GitHub\RPi\RPi-rev.1\Power.SchDoc with Ñ-0805 from Schlib1.SchLib
Replace Part C? Ñ-0805 in C:\Users\MRem\Documents\GitHub\RPi\RPi-rev.1\Power.SchDoc with Ñ-0805 from Schlib1.SchLib
Replace Part C? Ñ-0805 in C:\Users\MRem\Documents\GitHub\RPi\RPi-rev.1\Power.SchDoc with Ñ-0805 from Schlib1.SchLib
Replace Part C? Ñ-0805 in C:\Users\MRem\Documents\GitHub\RPi\RPi-rev.1\Power.SchDoc with Ñ-0805 from Schlib1.SchLib
Replace Part C? Ñ-0805 in C:\Users\MRem\Documents\GitHub\RPi\RPi-rev.1\Power.SchDoc with Ñ-0805 from Schlib1.SchLib
Replace Part C? Ñ in C:\Users\MRem\Documents\GitHub\RPi\RPi-rev.1\Power.SchDoc with Ñ from Schlib1.SchLib
Replace Part C? Ñ-0603 in C:\Users\MRem\Documents\GitHub\RPi\RPi-rev.1\Power.SchDoc with Ñ-0603 from Schlib1.SchLib
Replace Part C? Ñ-0603 in C:\Users\MRem\Documents\GitHub\RPi\RPi-rev.1\Power.SchDoc with Ñ-0603 from Schlib1.SchLib
Replace Part C? Ñ-0603 in C:\Users\MRem\Documents\GitHub\RPi\RPi-rev.1\Power.SchDoc with Ñ-0603 from Schlib1.SchLib
Replace Part C? Ñ-0603 in C:\Users\MRem\Documents\GitHub\RPi\RPi-rev.1\Power.SchDoc with Ñ-0603 from Schlib1.SchLib
Replace Part C? Ñ-0603 in C:\Users\MRem\Documents\GitHub\RPi\RPi-rev.1\Power.SchDoc with Ñ-0603 from Schlib1.SchLib
Replace Part C? Ñ-0603 in C:\Users\MRem\Documents\GitHub\RPi\RPi-rev.1\Power.SchDoc with Ñ-0603 from Schlib1.SchLib
Replace Part C? Ñ-0603 in C:\Users\MRem\Documents\GitHub\RPi\RPi-rev.1\Power.SchDoc with Ñ-0603 from Schlib1.SchLib
Replace Part C? Ñ-0603 in C:\Users\MRem\Documents\GitHub\RPi\RPi-rev.1\Power.SchDoc with Ñ-0603 from Schlib1.SchLib
Replace Part C? Ñ-0603 in C:\Users\MRem\Documents\GitHub\RPi\RPi-rev.1\Power.SchDoc with Ñ-0603 from Schlib1.SchLib
Replace Part C? Ñ-0603 in C:\Users\MRem\Documents\GitHub\RPi\RPi-rev.1\Power.SchDoc with Ñ-0603 from Schlib1.SchLib
Replace Part C? Ñ-0603 in C:\Users\MRem\Documents\GitHub\RPi\RPi-rev.1\Power.SchDoc with Ñ-0603 from Schlib1.SchLib
Replace Part C? Ñ-0603 in C:\Users\MRem\Documents\GitHub\RPi\RPi-rev.1\Power.SchDoc with Ñ-0603 from Schlib1.SchLib
Replace Part C? Ñ-0603 in C:\Users\MRem\Documents\GitHub\RPi\RPi-rev.1\Power.SchDoc with Ñ-0603 from Schlib1.SchLib
Replace Part C? Ñ-0603 in C:\Users\MRem\Documents\GitHub\RPi\RPi-rev.1\Power.SchDoc with Ñ-0603 from Schlib1.SchLib
Replace Part C? Ñ-0603 in C:\Users\MRem\Documents\GitHub\RPi\RPi-rev.1\Power.SchDoc with Ñ-0603 from Schlib1.SchLib
Replace Part C? Ñ-0603 in C:\Users\MRem\Documents\GitHub\RPi\RPi-rev.1\Power.SchDoc with Ñ-0603 from Schlib1.SchLib
Replace Part C? Ñ-0603 in C:\Users\MRem\Documents\GitHub\RPi\RPi-rev.1\Power.SchDoc with Ñ-0603 from Schlib1.SchLib
Replace Part C? Ñ-0603 in C:\Users\MRem\Documents\GitHub\RPi\RPi-rev.1\Power.SchDoc with Ñ-0603 from Schlib1.SchLib
Replace Part C? Ñ-0603 in C:\Users\MRem\Documents\GitHub\RPi\RPi-rev.1\Power.SchDoc with Ñ-0603 from Schlib1.SchLib
Replace Part C? Ñ-0603 in C:\Users\MRem\Documents\GitHub\RPi\RPi-rev.1\Power.SchDoc with Ñ-0603 from Schlib1.SchLib
Replace Part C? Ñ-0603 in C:\Users\MRem\Documents\GitHub\RPi\RPi-rev.1\Power.SchDoc with Ñ-0603 from Schlib1.SchLib
Replace Part C? Ñ-0603 in C:\Users\MRem\Documents\GitHub\RPi\RPi-rev.1\Power.SchDoc with Ñ-0603 from Schlib1.SchLib
Replace Part C? Ñ-0603 in C:\Users\MRem\Documents\GitHub\RPi\RPi-rev.1\Power.SchDoc with Ñ-0603 from Schlib1.SchLib
Replace Part C? Ñ-0603 in C:\Users\MRem\Documents\GitHub\RPi\RPi-rev.1\Power.SchDoc with Ñ-0603 from Schlib1.SchLib
Replace Part C? Ñ-0603 in C:\Users\MRem\Documents\GitHub\RPi\RPi-rev.1\Power.SchDoc with Ñ-0603 from Schlib1.SchLib
Replace Part C? Ñ-1206 in C:\Users\MRem\Documents\GitHub\RPi\RPi-rev.1\Power.SchDoc with Ñ-1206 from Schlib1.SchLib
Replace Part C? Ñ-0603 in C:\Users\MRem\Documents\GitHub\RPi\RPi-rev.1\Power.SchDoc with Ñ-0603 from Schlib1.SchLib
Replace Part C? Ñ-0603 in C:\Users\MRem\Documents\GitHub\RPi\RPi-rev.1\Power.SchDoc with Ñ-0603 from Schlib1.SchLib
Replace Part C? Ñ-0603 in C:\Users\MRem\Documents\GitHub\RPi\RPi-rev.1\Power.SchDoc with Ñ-0603 from Schlib1.SchLib
Replace Part C? Ñ-0603 in C:\Users\MRem\Documents\GitHub\RPi\RPi-rev.1\Power.SchDoc with Ñ-0603 from Schlib1.SchLib
Replace Part C? Ñ-0402 in C:\Users\MRem\Documents\GitHub\RPi\RPi-rev.1\Power.SchDoc with Ñ-0402 from Schlib1.SchLib
Replace Part C? Ñ-0402 in C:\Users\MRem\Documents\GitHub\RPi\RPi-rev.1\Power.SchDoc with Ñ-0402 from Schlib1.SchLib
Replace Part DA*? LP2980-2.5 in C:\Users\MRem\Documents\GitHub\RPi\RPi-rev.1\Power.SchDoc with LP2980-2.5 from Schlib1.SchLib
Replace Part DA? NXP1117-1v8 in C:\Users\MRem\Documents\GitHub\RPi\RPi-rev.1\Power.SchDoc with NXP1117-1v8 from Schlib1.SchLib
Replace Part DA? NXP1117-3v3 in C:\Users\MRem\Documents\GitHub\RPi\RPi-rev.1\Power.SchDoc with NXP1117-3v3 from Schlib1.SchLib
Replace Part DD? bcm2835 in C:\Users\MRem\Documents\GitHub\RPi\RPi-rev.1\Power.SchDoc with bcm2835 from Schlib1.SchLib
Replace Part DD? bcm2835 in C:\Users\MRem\Documents\GitHub\RPi\RPi-rev.1\Power.SchDoc with bcm2835 from Schlib1.SchLib
Replace Part DD? bcm2835 in C:\Users\MRem\Documents\GitHub\RPi\RPi-rev.1\Power.SchDoc with bcm2835 from Schlib1.SchLib
Replace Part DD? bcm2835 in C:\Users\MRem\Documents\GitHub\RPi\RPi-rev.1\Power.SchDoc with bcm2835 from Schlib1.SchLib
Replace Part FU? F-1206 in C:\Users\MRem\Documents\GitHub\RPi\RPi-rev.1\Power.SchDoc with F-1206 from Schlib1.SchLib
Replace Part L? L-1210 in C:\Users\MRem\Documents\GitHub\RPi\RPi-rev.1\Power.SchDoc with L-1210 from Schlib1.SchLib
Replace Part R? R-0603 in C:\Users\MRem\Documents\GitHub\RPi\RPi-rev.1\Power.SchDoc with R-0603 from Schlib1.SchLib
Replace Part R? R-0603 in C:\Users\MRem\Documents\GitHub\RPi\RPi-rev.1\Power.SchDoc with R-0603 from Schlib1.SchLib
Replace Part VD? SMBJ 5V in C:\Users\MRem\Documents\GitHub\RPi\RPi-rev.1\Power.SchDoc with SMBJ 5V from Schlib1.SchLib
Replace Part XS? Micro-USB in C:\Users\MRem\Documents\GitHub\RPi\RPi-rev.1\Power.SchDoc with Micro-USB from Schlib1.SchLib
Replace Part ZQ? TXC19.2 in C:\Users\MRem\Documents\GitHub\RPi\RPi-rev.1\Power.SchDoc with TXC19.2 from Schlib1.SchLib
