Replace Part C1 Ñ-0603 in C:\Users\MRem\Documents\GitHub\RPi\RPi-rev.1\Power.SchDoc with Ñ-0603 from Schlib1.SchLib
Replace Part C2 Ñ-0603 in C:\Users\MRem\Documents\GitHub\RPi\RPi-rev.1\Power.SchDoc with Ñ-0603 from Schlib1.SchLib
Replace Part C3 Ñ-0805 in C:\Users\MRem\Documents\GitHub\RPi\RPi-rev.1\Power.SchDoc with Ñ-0805 from Schlib1.SchLib
Replace Part C4 Ñ in C:\Users\MRem\Documents\GitHub\RPi\RPi-rev.1\Power.SchDoc with Ñ from Schlib1.SchLib
Replace Part C5 Ñ-0805 in C:\Users\MRem\Documents\GitHub\RPi\RPi-rev.1\Power.SchDoc with Ñ-0805 from Schlib1.SchLib
Replace Part C6 Ñ in C:\Users\MRem\Documents\GitHub\RPi\RPi-rev.1\Power.SchDoc with Ñ from Schlib1.SchLib
Replace Part C7 Ñ-0603 in C:\Users\MRem\Documents\GitHub\RPi\RPi-rev.1\Power.SchDoc with Ñ-0603 from Schlib1.SchLib
Replace Part C8 Ñ-1206 in C:\Users\MRem\Documents\GitHub\RPi\RPi-rev.1\Power.SchDoc with Ñ-1206 from Schlib1.SchLib
Replace Part C9 Ñ-0603 in C:\Users\MRem\Documents\GitHub\RPi\RPi-rev.1\Power.SchDoc with Ñ-0603 from Schlib1.SchLib
Replace Part C10 Ñ-0805 in C:\Users\MRem\Documents\GitHub\RPi\RPi-rev.1\Power.SchDoc with Ñ-0805 from Schlib1.SchLib
Replace Part C11 Ñ-0603 in C:\Users\MRem\Documents\GitHub\RPi\RPi-rev.1\Power.SchDoc with Ñ-0603 from Schlib1.SchLib
Replace Part C12 Ñ-1206 in C:\Users\MRem\Documents\GitHub\RPi\RPi-rev.1\Power.SchDoc with Ñ-1206 from Schlib1.SchLib
Replace Part C13 Ñ-1206 in C:\Users\MRem\Documents\GitHub\RPi\RPi-rev.1\Power.SchDoc with Ñ-1206 from Schlib1.SchLib
Replace Part C14 Ñ-0603 in C:\Users\MRem\Documents\GitHub\RPi\RPi-rev.1\Power.SchDoc with Ñ-0603 from Schlib1.SchLib
Replace Part C15 Ñ-0603 in C:\Users\MRem\Documents\GitHub\RPi\RPi-rev.1\Power.SchDoc with Ñ-0603 from Schlib1.SchLib
Replace Part C16 Ñ-0805 in C:\Users\MRem\Documents\GitHub\RPi\RPi-rev.1\Power.SchDoc with Ñ-0805 from Schlib1.SchLib
Replace Part C17 Ñ-0603 in C:\Users\MRem\Documents\GitHub\RPi\RPi-rev.1\Power.SchDoc with Ñ-0603 from Schlib1.SchLib
Replace Part C18 Ñ-0805 in C:\Users\MRem\Documents\GitHub\RPi\RPi-rev.1\Power.SchDoc with Ñ-0805 from Schlib1.SchLib
Replace Part C19 Ñ-0603 in C:\Users\MRem\Documents\GitHub\RPi\RPi-rev.1\Power.SchDoc with Ñ-0603 from Schlib1.SchLib
Replace Part C20 Ñ-0603 in C:\Users\MRem\Documents\GitHub\RPi\RPi-rev.1\Power.SchDoc with Ñ-0603 from Schlib1.SchLib
Replace Part C21 Ñ-0603 in C:\Users\MRem\Documents\GitHub\RPi\RPi-rev.1\Power.SchDoc with Ñ-0603 from Schlib1.SchLib
Replace Part C22 Ñ-0603 in C:\Users\MRem\Documents\GitHub\RPi\RPi-rev.1\Power.SchDoc with Ñ-0603 from Schlib1.SchLib
Replace Part C23 Ñ-0603 in C:\Users\MRem\Documents\GitHub\RPi\RPi-rev.1\Power.SchDoc with Ñ-0603 from Schlib1.SchLib
Replace Part C24 Ñ-0603 in C:\Users\MRem\Documents\GitHub\RPi\RPi-rev.1\Power.SchDoc with Ñ-0603 from Schlib1.SchLib
Replace Part C25 Ñ-0603 in C:\Users\MRem\Documents\GitHub\RPi\RPi-rev.1\Power.SchDoc with Ñ-0603 from Schlib1.SchLib
Replace Part C26 Ñ-0603 in C:\Users\MRem\Documents\GitHub\RPi\RPi-rev.1\Power.SchDoc with Ñ-0603 from Schlib1.SchLib
Replace Part C27 Ñ-0603 in C:\Users\MRem\Documents\GitHub\RPi\RPi-rev.1\Power.SchDoc with Ñ-0603 from Schlib1.SchLib
Replace Part C28 Ñ-0603 in C:\Users\MRem\Documents\GitHub\RPi\RPi-rev.1\Power.SchDoc with Ñ-0603 from Schlib1.SchLib
Replace Part C29 Ñ-0603 in C:\Users\MRem\Documents\GitHub\RPi\RPi-rev.1\Power.SchDoc with Ñ-0603 from Schlib1.SchLib
Replace Part C30 Ñ-0603 in C:\Users\MRem\Documents\GitHub\RPi\RPi-rev.1\Power.SchDoc with Ñ-0603 from Schlib1.SchLib
Replace Part C31 Ñ-0603 in C:\Users\MRem\Documents\GitHub\RPi\RPi-rev.1\Power.SchDoc with Ñ-0603 from Schlib1.SchLib
Replace Part C32 Ñ-0603 in C:\Users\MRem\Documents\GitHub\RPi\RPi-rev.1\Power.SchDoc with Ñ-0603 from Schlib1.SchLib
Replace Part C33 Ñ-0603 in C:\Users\MRem\Documents\GitHub\RPi\RPi-rev.1\Power.SchDoc with Ñ-0603 from Schlib1.SchLib
Replace Part C34 Ñ-0603 in C:\Users\MRem\Documents\GitHub\RPi\RPi-rev.1\Power.SchDoc with Ñ-0603 from Schlib1.SchLib
Replace Part C35 Ñ-0603 in C:\Users\MRem\Documents\GitHub\RPi\RPi-rev.1\Power.SchDoc with Ñ-0603 from Schlib1.SchLib
Replace Part C36 Ñ-0603 in C:\Users\MRem\Documents\GitHub\RPi\RPi-rev.1\Power.SchDoc with Ñ-0603 from Schlib1.SchLib
Replace Part C37 Ñ-0603 in C:\Users\MRem\Documents\GitHub\RPi\RPi-rev.1\Power.SchDoc with Ñ-0603 from Schlib1.SchLib
Replace Part C38 Ñ-0603 in C:\Users\MRem\Documents\GitHub\RPi\RPi-rev.1\Power.SchDoc with Ñ-0603 from Schlib1.SchLib
Replace Part C39 Ñ-0402 in C:\Users\MRem\Documents\GitHub\RPi\RPi-rev.1\Power.SchDoc with Ñ-0402 from Schlib1.SchLib
Replace Part C40 Ñ-0402 in C:\Users\MRem\Documents\GitHub\RPi\RPi-rev.1\Power.SchDoc with Ñ-0402 from Schlib1.SchLib
Replace Part C41 Ñ-0603 in C:\Users\MRem\Documents\GitHub\RPi\RPi-rev.1\Power.SchDoc with Ñ-0603 from Schlib1.SchLib
Replace Part DA1 NXP1117-3v3 in C:\Users\MRem\Documents\GitHub\RPi\RPi-rev.1\Power.SchDoc with NXP1117-3v3 from Schlib1.SchLib
Replace Part DA2 LP2980-2.5 in C:\Users\MRem\Documents\GitHub\RPi\RPi-rev.1\Power.SchDoc with LP2980-2.5 from Schlib1.SchLib
Replace Part DA3 NXP1117-1v8 in C:\Users\MRem\Documents\GitHub\RPi\RPi-rev.1\Power.SchDoc with NXP1117-1v8 from Schlib1.SchLib
Replace Part DD1 bcm2835 in C:\Users\MRem\Documents\GitHub\RPi\RPi-rev.1\Power.SchDoc with bcm2835 from Schlib1.SchLib
Replace Part DD1 bcm2835 in C:\Users\MRem\Documents\GitHub\RPi\RPi-rev.1\Power.SchDoc with bcm2835 from Schlib1.SchLib
Replace Part DD1 bcm2835 in C:\Users\MRem\Documents\GitHub\RPi\RPi-rev.1\Power.SchDoc with bcm2835 from Schlib1.SchLib
Replace Part DD1 bcm2835 in C:\Users\MRem\Documents\GitHub\RPi\RPi-rev.1\Power.SchDoc with bcm2835 from Schlib1.SchLib
Replace Part FU1 F-1206 in C:\Users\MRem\Documents\GitHub\RPi\RPi-rev.1\Power.SchDoc with F-1206 from Schlib1.SchLib
Replace Part L1 L-1210 in C:\Users\MRem\Documents\GitHub\RPi\RPi-rev.1\Power.SchDoc with L-1210 from Schlib1.SchLib
Replace Part R1 R-0603 in C:\Users\MRem\Documents\GitHub\RPi\RPi-rev.1\Power.SchDoc with R-0603 from Schlib1.SchLib
Replace Part R2 R-0603 in C:\Users\MRem\Documents\GitHub\RPi\RPi-rev.1\Power.SchDoc with R-0603 from Schlib1.SchLib
Replace Part VD1 SMBJ 5V in C:\Users\MRem\Documents\GitHub\RPi\RPi-rev.1\Power.SchDoc with SMBJ 5V from Schlib1.SchLib
Replace Part XS1 Micro-USB in C:\Users\MRem\Documents\GitHub\RPi\RPi-rev.1\Power.SchDoc with Micro-USB from Schlib1.SchLib
Replace Part ZQ1 TXC19.2 in C:\Users\MRem\Documents\GitHub\RPi\RPi-rev.1\Power.SchDoc with TXC19.2 from Schlib1.SchLib
