Add Component: Footprint Not Found CONN5_1981568-1_TEC
Add Component: Footprint Not Found CONN5_1981568-1_TEC
Add Component: Footprint Not Found CONN5_1981568-1_TEC
Add Pin To Net: Unknown Pin: Pin DA1-2
Add Pin To Net: Unknown Pin: Pin DA2-2
Add Pin To Net: Unknown Pin: Pin DD1-Ñ8
Add Pin To Net: Unknown Pin: Pin DD1-Ñ16
Add Pin To Net: Unknown Pin: Pin DD1-Ñ17
Add Pin To Net: Unknown Pin: Pin DD1-Ñ18
Add Pin To Net: Unknown Pin: Pin XS1-1
Add Pin To Net: Unknown Pin: Pin XS1-5
Add Pin To Net: Unknown Pin: Pin XS1-6
Add Pin To Net: Unknown Pin: Pin XS1-7
Add Pin To Net: Unknown Pin: Pin XS1-8
Add Pin To Net: Unknown Pin: Pin XS1-9
Add Pin To Net: Unknown Pin: Pin XS1-10
Add Pin To Net: Unknown Pin: Pin XS3-1
Add Pin To Net: Unknown Pin: Pin XS3-2
Add Pin To Net: Unknown Pin: Pin XS3-3
Add Pin To Net: Unknown Pin: Pin XS3-5
Add Pin To Net: Unknown Pin: Pin XS3-6
Add Pin To Net: Unknown Pin: Pin XS3-7
Add Pin To Net: Unknown Pin: Pin XS3-8
Add Pin To Net: Unknown Pin: Pin XS3-9
Add Pin To Net: Unknown Pin: Pin XS3-10
Add Pin To Net: Unknown Pin: Pin XS5-1
Add Pin To Net: Unknown Pin: Pin XS5-2
Add Pin To Net: Unknown Pin: Pin XS5-3
Add Pin To Net: Unknown Pin: Pin XS5-5
Add Pin To Net: Unknown Pin: Pin XS5-6
Add Pin To Net: Unknown Pin: Pin XS5-7
Add Pin To Net: Unknown Pin: Pin XS5-8
Add Pin To Net: Unknown Pin: Pin XS5-9
Add Pin To Net: Unknown Pin: Pin XS5-10
Add Class Member: Failed to add class member : Component XS1 Micro USB
Add Class Member: Failed to add class member : Component XS3 Micro USB
Add Class Member: Failed to add class member : Component XS5 Micro USB
