Removed Pin From Net: NetName=HDMI_CLK_P Pin=DA4-6
Removed Pin From Net: NetName=HDMI_CLK_N Pin=DA4-7
Removed Pin From Net: NetName=HDMI_TX0_P Pin=DA4-9
Removed Pin From Net: NetName=HDMI_TX0_N Pin=DA4-10
Removed Pin From Net: NetName=NetDA4_2 Pin=DD1-U7
Removed Pin From Net: NetName=NetDA4_5 Pin=DD1-U8
Removed Pin From Net: NetName=NetDA4_1 Pin=DD1-V7
Removed Pin From Net: NetName=NetDA4_4 Pin=DD1-V8
Added Pin To Net: NetName=HDMI_CLK_N Pin=DA4-6
Added Pin To Net: NetName=HDMI_CLK_P Pin=DA4-7
Added Pin To Net: NetName=HDMI_TX0_N Pin=DA4-9
Added Pin To Net: NetName=HDMI_TX0_P Pin=DA4-10
Added Pin To Net: NetName=NetDA4_1 Pin=DD1-U7
Added Pin To Net: NetName=NetDA4_4 Pin=DD1-U8
Added Pin To Net: NetName=NetDA4_2 Pin=DD1-V7
Added Pin To Net: NetName=NetDA4_5 Pin=DD1-V8
Add Pin To Net: Unknown Pin: Pin DD1-Ñ8
Add Pin To Net: Unknown Pin: Pin DD1-Ñ16
Add Pin To Net: Unknown Pin: Pin DD1-Ñ17
Add Pin To Net: Unknown Pin: Pin DD1-Ñ18
