Added Component: Designator=DD1(BGA81C65P18X18_1200X1200X100)
Add component (AddParameter): Name = "Manufacturer"; Value = "Broadcom"; VariantName = "[No Variations]"
Add component (AddParameter): Name = "Name"; Value = "bcm2835"; VariantName = "[No Variations]"
Added Pin To Net: NetName=GND Pin=DD1-A1
Added Pin To Net: NetName=GND Pin=DD1-A2
Added Pin To Net: NetName=GND Pin=DD1-A3
Added Pin To Net: NetName=GPIO_GEN5 Pin=DD1-A4
Added Pin To Net: NetName=GPIO_GEN6 Pin=DD1-A5
Added Pin To Net: NetName=NetC7_2 Pin=DD1-A7
Added Pin To Net: NetName=NetC7_2 Pin=DD1-A9
Added Pin To Net: NetName=NetC28_2 Pin=DD1-A10
Added Pin To Net: NetName=GND Pin=DD1-A11
Added Pin To Net: NetName=GND Pin=DD1-A12
Added Pin To Net: NetName=+5 Pin=DD1-A13
Added Pin To Net: NetName=+5 Pin=DD1-A14
Added Pin To Net: NetName=+5 Pin=DD1-A15
Added Pin To Net: NetName=+1.8 Pin=DD1-A16
Added Pin To Net: NetName=GND Pin=DD1-A17
Added Pin To Net: NetName=GND Pin=DD1-A18
Added Pin To Net: NetName=GND Pin=DD1-B1
Added Pin To Net: NetName=GND Pin=DD1-B2
Added Pin To Net: NetName=GPIO_GEN3 Pin=DD1-B3
Added Pin To Net: NetName=GPIO_GEN1 Pin=DD1-B4
Added Pin To Net: NetName=GND Pin=DD1-B11
Added Pin To Net: NetName=GND Pin=DD1-B12
Added Pin To Net: NetName=+5 Pin=DD1-B13
Added Pin To Net: NetName=+5 Pin=DD1-B14
Added Pin To Net: NetName=+1.8 Pin=DD1-B15
Added Pin To Net: NetName=+1.8 Pin=DD1-B16
Added Pin To Net: NetName=GND Pin=DD1-B17
Added Pin To Net: NetName=GND Pin=DD1-B18
Added Pin To Net: NetName=Status_LED_N Pin=DD1-C1
Added Pin To Net: NetName=GND Pin=DD1-C2
Added Pin To Net: NetName=GPIO_GEN2 Pin=DD1-C4
Added Pin To Net: NetName=GPIO_GEN4 Pin=DD1-C5
Added Pin To Net: NetName=NetDD1_C12 Pin=DD1-C12
Added Pin To Net: NetName=NetDD1_C12 Pin=DD1-C13
Added Pin To Net: NetName=NetC7_2 Pin=DD1-C15
Added Pin To Net: NetName=NetC7_2 Pin=DD1-D3
Added Pin To Net: NetName=TXD0 Pin=DD1-D4
Added Pin To Net: NetName=NetDD1_C12 Pin=DD1-D12
Added Pin To Net: NetName=NetDD1_C12 Pin=DD1-D13
Added Pin To Net: NetName=NetDD1_D15 Pin=DD1-D15
Added Pin To Net: NetName=GND Pin=DD1-D16
Added Pin To Net: NetName=NetC37_2 Pin=DD1-D18
Added Pin To Net: NetName=GPIO_GEN0 Pin=DD1-E1
Added Pin To Net: NetName=RXD0 Pin=DD1-E2
Added Pin To Net: NetName=GND Pin=DD1-E3
Added Pin To Net: NetName=+3.3 Pin=DD1-E4
Added Pin To Net: NetName=+3.3 Pin=DD1-E7
Added Pin To Net: NetName=+3.3 Pin=DD1-E8
Added Pin To Net: NetName=GND Pin=DD1-E14
Added Pin To Net: NetName=NetC7_2 Pin=DD1-E15
Added Pin To Net: NetName=NetC28_2 Pin=DD1-E18
Added Pin To Net: NetName=SPI_CE0_N Pin=DD1-F1
Added Pin To Net: NetName=SPI_CE1_N Pin=DD1-F2
Added Pin To Net: NetName=GND Pin=DD1-F13
Added Pin To Net: NetName=GND Pin=DD1-F14
Added Pin To Net: NetName=NetC28_2 Pin=DD1-F15
Added Pin To Net: NetName=GND Pin=DD1-F18
Added Pin To Net: NetName=LAN_RUN Pin=DD1-G1
Added Pin To Net: NetName=SPI_MISO Pin=DD1-G2
Added Pin To Net: NetName=SPI_MOSI Pin=DD1-G3
Added Pin To Net: NetName=SPI_CLK Pin=DD1-G4
Added Pin To Net: NetName=NetC7_2 Pin=DD1-G12
Added Pin To Net: NetName=NetC37_2 Pin=DD1-G13
Added Pin To Net: NetName=NetC28_2 Pin=DD1-G14
Added Pin To Net: NetName=NetC33_2 Pin=DD1-G15
Added Pin To Net: NetName=NetC28_2 Pin=DD1-G17
Added Pin To Net: NetName=NetC28_2 Pin=DD1-G18
Added Pin To Net: NetName=GPIO_GCLK Pin=DD1-H1
Added Pin To Net: NetName=SDA0 Pin=DD1-H2
Added Pin To Net: NetName=+3.3 Pin=DD1-H4
Added Pin To Net: NetName=NetC7_2 Pin=DD1-H5
Added Pin To Net: NetName=SCL0 Pin=DD1-H6
Added Pin To Net: NetName=GND Pin=DD1-H9
Added Pin To Net: NetName=GND Pin=DD1-H10
Added Pin To Net: NetName=GND Pin=DD1-H11
Added Pin To Net: NetName=NetDD1_H12 Pin=DD1-H12
Added Pin To Net: NetName=NetC37_2 Pin=DD1-H13
Added Pin To Net: NetName=NetC7_2 Pin=DD1-H15
Added Pin To Net: NetName=NetC7_2 Pin=DD1-H16
Added Pin To Net: NetName=GND Pin=DD1-H17
Added Pin To Net: NetName=NetC33_2 Pin=DD1-H18
Added Pin To Net: NetName=NetC33_2 Pin=DD1-J1
Added Pin To Net: NetName=GND Pin=DD1-J2
Added Pin To Net: NetName=SCL1 Pin=DD1-J4
Added Pin To Net: NetName=NetC37_2 Pin=DD1-J5
Added Pin To Net: NetName=SDA1 Pin=DD1-J6
Added Pin To Net: NetName=GND Pin=DD1-J7
Added Pin To Net: NetName=GND Pin=DD1-J8
Added Pin To Net: NetName=GND Pin=DD1-J9
Added Pin To Net: NetName=GND Pin=DD1-J10
Added Pin To Net: NetName=GND Pin=DD1-J11
Added Pin To Net: NetName=GND Pin=DD1-J12
Added Pin To Net: NetName=GND Pin=DD1-J13
Added Pin To Net: NetName=NetC28_2 Pin=DD1-J14
Added Pin To Net: NetName=NetC28_2 Pin=DD1-J16
Added Pin To Net: NetName=+1.8 Pin=DD1-K1
Added Pin To Net: NetName=NetC28_2 Pin=DD1-K3
Added Pin To Net: NetName=NetC7_2 Pin=DD1-K4
Added Pin To Net: NetName=+3.3 Pin=DD1-K5
Added Pin To Net: NetName=GND Pin=DD1-K7
Added Pin To Net: NetName=GND Pin=DD1-K8
Added Pin To Net: NetName=GND Pin=DD1-K9
Added Pin To Net: NetName=GND Pin=DD1-K10
Added Pin To Net: NetName=GND Pin=DD1-K11
Added Pin To Net: NetName=GND Pin=DD1-K12
Added Pin To Net: NetName=GND Pin=DD1-K13
Added Pin To Net: NetName=GND Pin=DD1-K14
Added Pin To Net: NetName=GND Pin=DD1-K16
Added Pin To Net: NetName=+1.8 Pin=DD1-K17
Added Pin To Net: NetName=NetDD1_K18 Pin=DD1-K18
Added Pin To Net: NetName=NetDD1_L1 Pin=DD1-L1
Added Pin To Net: NetName=GND Pin=DD1-L2
Added Pin To Net: NetName=NetDD1_L3 Pin=DD1-L3
Added Pin To Net: NetName=+3.3 Pin=DD1-L5
Added Pin To Net: NetName=NetDD1_L6 Pin=DD1-L6
Added Pin To Net: NetName=GND Pin=DD1-L7
Added Pin To Net: NetName=GND Pin=DD1-L8
Added Pin To Net: NetName=GND Pin=DD1-L9
Added Pin To Net: NetName=GND Pin=DD1-L10
Added Pin To Net: NetName=GND Pin=DD1-L11
Added Pin To Net: NetName=NetC37_2 Pin=DD1-L12
Added Pin To Net: NetName=NetC7_2 Pin=DD1-L13
Added Pin To Net: NetName=GND Pin=DD1-L14
Added Pin To Net: NetName=NetC7_2 Pin=DD1-L15
Added Pin To Net: NetName=NetC50_2 Pin=DD1-L18
Added Pin To Net: NetName=NetDD1_M3 Pin=DD1-M3
Added Pin To Net: NetName=NetDD1_M7 Pin=DD1-M7
Added Pin To Net: NetName=GND Pin=DD1-M8
Added Pin To Net: NetName=GND Pin=DD1-M9
Added Pin To Net: NetName=NetC48_1 Pin=DD1-M10
Added Pin To Net: NetName=GND Pin=DD1-M15
Added Pin To Net: NetName=GND Pin=DD1-N1
Added Pin To Net: NetName=NetDD1_N2 Pin=DD1-N2
Added Pin To Net: NetName=NetC7_2 Pin=DD1-N4
Added Pin To Net: NetName=NetC24_2 Pin=DD1-N7
Added Pin To Net: NetName=NetC24_2 Pin=DD1-N8
Added Pin To Net: NetName=HDMI_CEC Pin=DD1-N9
Added Pin To Net: NetName=NetC7_2 Pin=DD1-N10
Added Pin To Net: NetName=+1.8 Pin=DD1-N13
Added Pin To Net: NetName=GND Pin=DD1-N18
Added Pin To Net: NetName=NetC24_2 Pin=DD1-P7
Added Pin To Net: NetName=+1.8 Pin=DD1-P9
Added Pin To Net: NetName=NetC47_1 Pin=DD1-P10
Added Pin To Net: NetName=+3.3 Pin=DD1-P13
Added Pin To Net: NetName=NetC7_2 Pin=DD1-P15
Added Pin To Net: NetName=GND Pin=DD1-P16
Added Pin To Net: NetName=NetC28_2 Pin=DD1-P18
Added Pin To Net: NetName=NetC33_2 Pin=DD1-R3
Added Pin To Net: NetName=NetC39_1 Pin=DD1-R8
Added Pin To Net: NetName=NetC40_1 Pin=DD1-R9
Added Pin To Net: NetName=HDMI_SDA_L Pin=DD1-R17
Added Pin To Net: NetName=HDMI_SCL_L Pin=DD1-R18
Added Pin To Net: NetName=+1.8 Pin=DD1-T3
Added Pin To Net: NetName=NetC28_2 Pin=DD1-T4
Added Pin To Net: NetName=NetC33_2 Pin=DD1-T9
Added Pin To Net: NetName=NetC28_2 Pin=DD1-T12
Added Pin To Net: NetName=GND Pin=DD1-T14
Added Pin To Net: NetName=NetC28_2 Pin=DD1-T16
Added Pin To Net: NetName=NetC33_2 Pin=DD1-T17
Added Pin To Net: NetName=GND Pin=DD1-T18
Added Pin To Net: NetName=GND Pin=DD1-U6
Added Pin To Net: NetName=NetDA4_2 Pin=DD1-U7
Added Pin To Net: NetName=NetDA4_5 Pin=DD1-U8
Added Pin To Net: NetName=NetDA5_2 Pin=DD1-U9
Added Pin To Net: NetName=NetDA5_5 Pin=DD1-U10
Added Pin To Net: NetName=USB_DM Pin=DD1-U16
Added Pin To Net: NetName=+1.8 Pin=DD1-U17
Added Pin To Net: NetName=GND Pin=DD1-U18
Added Pin To Net: NetName=GND Pin=DD1-V1
Added Pin To Net: NetName=GND Pin=DD1-V6
Added Pin To Net: NetName=NetDA4_1 Pin=DD1-V7
Added Pin To Net: NetName=NetDA4_4 Pin=DD1-V8
Added Pin To Net: NetName=NetDA5_1 Pin=DD1-V9
Added Pin To Net: NetName=NetDA5_4 Pin=DD1-V10
Added Pin To Net: NetName=USB_DP Pin=DD1-V16
Added Pin To Net: NetName=GND Pin=DD1-V17
Added Pin To Net: NetName=+1.8 Pin=DD1-V18
Add Pin To Net: Unknown Pin: Pin DD1-Ñ8
Add Pin To Net: Unknown Pin: Pin DD1-Ñ16
Add Pin To Net: Unknown Pin: Pin DD1-Ñ17
Add Pin To Net: Unknown Pin: Pin DD1-Ñ18
Added Member To Class: ClassName=Power Member=Component DD1 bcm2835 Broadcom
