Removed Pin From Net: NetName=+3.3 Pin=D*-1
Removed Pin From Net: NetName=GND Pin=D*-2
Removed Pin From Net: NetName=+3.3 Pin=D*-3
Removed Pin From Net: NetName=+2.5 Pin=D*-5
Removed Pin From Net: NetName=+5 Pin=DA1-1
Removed Pin From Net: NetName=GND Pin=DA1-3
Removed Pin From Net: NetName=+2.5 Pin=DA2-1
Removed Pin From Net: NetName=GND Pin=DA2-3
Removed Member From Class: ClassName=Power Member=D*
Change Component Designator: OldDesignator=C1 NewDesignator=C39
Change Component Designator: OldDesignator=C2 NewDesignator=C26
Change Component Designator: OldDesignator=C3 NewDesignator=C40
Change Component Designator: OldDesignator=C4 NewDesignator=C6
Change Component Designator: OldDesignator=C5 NewDesignator=C8
Change Component Designator: OldDesignator=C6 NewDesignator=C10
Change Component Designator: OldDesignator=C7 NewDesignator=C24
Change Component Designator: OldDesignator=C8 NewDesignator=C25
Change Component Designator: OldDesignator=C9 NewDesignator=C27
Change Component Designator: OldDesignator=C10 NewDesignator=C4
Change Component Designator: OldDesignator=C11 NewDesignator=C3
Change Component Designator: OldDesignator=C12 NewDesignator=C5
Change Component Designator: OldDesignator=C14 NewDesignator=C16
Change Component Designator: OldDesignator=C15 NewDesignator=C18
Change Component Designator: OldDesignator=C16 NewDesignator=C19
Change Component Designator: OldDesignator=C17 NewDesignator=C23
Change Component Designator: OldDesignator=C18 NewDesignator=C38
Change Component Designator: OldDesignator=C19 NewDesignator=C22
Change Component Designator: OldDesignator=C20 NewDesignator=C37
Change Component Designator: OldDesignator=C21 NewDesignator=C41
Change Component Designator: OldDesignator=C22 NewDesignator=C21
Change Component Designator: OldDesignator=C23 NewDesignator=C36
Change Component Designator: OldDesignator=C24 NewDesignator=C20
Change Component Designator: OldDesignator=C25 NewDesignator=C2
Change Component Designator: OldDesignator=C26 NewDesignator=C12
Change Component Designator: OldDesignator=C27 NewDesignator=C35
Change Component Designator: OldDesignator=C28 NewDesignator=C34
Change Component Designator: OldDesignator=C29 NewDesignator=C1
Change Component Designator: OldDesignator=C30 NewDesignator=C7
Change Component Designator: OldDesignator=C31 NewDesignator=C9
Change Component Designator: OldDesignator=C32 NewDesignator=C11
Change Component Designator: OldDesignator=C33 NewDesignator=C14
Change Component Designator: OldDesignator=C34 NewDesignator=C15
Change Component Designator: OldDesignator=C35 NewDesignator=C17
Change Component Designator: OldDesignator=C36 NewDesignator=C33
Change Component Designator: OldDesignator=C37 NewDesignator=C32
Change Component Designator: OldDesignator=C38 NewDesignator=C31
Change Component Designator: OldDesignator=C39 NewDesignator=C30
Change Component Designator: OldDesignator=C40 NewDesignator=C29
Change Component Designator: OldDesignator=C41 NewDesignator=C28
Change Component Designator: OldDesignator=C42 NewDesignator=C48
Change Component Designator: OldDesignator=C43 NewDesignator=C47
Change Component Designator: OldDesignator=C44 NewDesignator=C43
Change Component Designator: OldDesignator=C45 NewDesignator=C46
Change Component Designator: OldDesignator=C46 NewDesignator=C49
Change Component Designator: OldDesignator=C47 NewDesignator=C42
Change Component Designator: OldDesignator=C48 NewDesignator=C45
Change Component Designator: OldDesignator=C49 NewDesignator=C44
Change Component Designator: OldDesignator=C50 NewDesignator=C62
Change Component Designator: OldDesignator=C51 NewDesignator=C61
Change Component Designator: OldDesignator=C52 NewDesignator=C50
Change Component Designator: OldDesignator=C53 NewDesignator=C51
Change Component Designator: OldDesignator=C54 NewDesignator=C52
Change Component Designator: OldDesignator=C55 NewDesignator=C58
Change Component Designator: OldDesignator=C57 NewDesignator=C53
Change Component Designator: OldDesignator=C58 NewDesignator=C55
Change Component Designator: OldDesignator=C59 NewDesignator=C54
Change Component Designator: OldDesignator=C60 NewDesignator=C57
Change Component Designator: OldDesignator=C61 NewDesignator=C59
Change Component Designator: OldDesignator=C62 NewDesignator=C60
Change Component Designator: OldDesignator=DA2 NewDesignator=DA3
Change Component Designator: OldDesignator=DA3 NewDesignator=DA4
Change Component Designator: OldDesignator=DA4 NewDesignator=DA5
Change Component Designator: OldDesignator=HL2 NewDesignator=HL3
Change Component Designator: OldDesignator=HL3 NewDesignator=HL2
Change Component Designator: OldDesignator=L2 NewDesignator=L3
Change Component Designator: OldDesignator=L3 NewDesignator=L2
Change Component Designator: OldDesignator=R1 NewDesignator=R2
Change Component Designator: OldDesignator=R2 NewDesignator=R1
Change Component Designator: OldDesignator=R3 NewDesignator=R10
Change Component Designator: OldDesignator=R4 NewDesignator=R11
Change Component Designator: OldDesignator=R5 NewDesignator=R9
Change Component Designator: OldDesignator=R6 NewDesignator=R13
Change Component Designator: OldDesignator=R7 NewDesignator=R14
Change Component Designator: OldDesignator=R8 NewDesignator=R12
Change Component Designator: OldDesignator=R9 NewDesignator=R8
Change Component Designator: OldDesignator=R10 NewDesignator=R7
Change Component Designator: OldDesignator=R11 NewDesignator=R6
Change Component Designator: OldDesignator=R12 NewDesignator=R5
Change Component Designator: OldDesignator=R13 NewDesignator=R4
Change Component Designator: OldDesignator=R14 NewDesignator=R3
Change Component Designator: OldDesignator=R15 NewDesignator=R22
Change Component Designator: OldDesignator=R16 NewDesignator=R17
Change Component Designator: OldDesignator=R17 NewDesignator=R21
Change Component Designator: OldDesignator=R18 NewDesignator=R19
Change Component Designator: OldDesignator=R19 NewDesignator=R18
Change Component Designator: OldDesignator=R21 NewDesignator=R16
Change Component Designator: OldDesignator=R22 NewDesignator=R23
Change Component Designator: OldDesignator=R23 NewDesignator=R24
Change Component Designator: OldDesignator=R24 NewDesignator=R25
Change Component Designator: OldDesignator=R25 NewDesignator=R26
Change Component Designator: OldDesignator=R26 NewDesignator=R27
Change Component Designator: OldDesignator=R27 NewDesignator=R15
Change Component Designator: OldDesignator=VD2 NewDesignator=VD3
Change Component Designator: OldDesignator=VD3 NewDesignator=VD2
Change Component Designator: OldDesignator=XS3 NewDesignator=XS4
Change Component Designator: OldDesignator=XS4 NewDesignator=XS5
Change Component Designator: OldDesignator=XS5 NewDesignator=XS3
Added Component: Designator=DA2(MF05A_TEX-L)
Added Pin To Net: NetName=GND Pin=DA1-1
Add Pin To Net: Unknown Pin: Pin DA1-2
Added Pin To Net: NetName=+5 Pin=DA1-3
Added Pin To Net: NetName=+3.3 Pin=DA2-1
Added Pin To Net: NetName=GND Pin=DA2-2
Added Pin To Net: NetName=+3.3 Pin=DA2-3
Added Pin To Net: NetName=+2.5 Pin=DA2-5
Added Pin To Net: NetName=GND Pin=DA3-1
Add Pin To Net: Unknown Pin: Pin DA3-2
Added Pin To Net: NetName=+2.5 Pin=DA3-3
Add Pin To Net: Unknown Pin: Pin DD1-Ñ8
Add Pin To Net: Unknown Pin: Pin DD1-Ñ16
Add Pin To Net: Unknown Pin: Pin DD1-Ñ17
Add Pin To Net: Unknown Pin: Pin DD1-Ñ18
Change Net Name : Old Net Name=NetC1_1 New Net Name=NetC39_1
Change Net Name : Old Net Name=NetC3_1 New Net Name=NetC40_1
Change Net Name : Old Net Name=NetC7_2 New Net Name=NetC24_2
Change Net Name : Old Net Name=NetC18_2 New Net Name=NetC37_2
Change Net Name : Old Net Name=NetC23_2 New Net Name=NetC33_2
Change Net Name : Old Net Name=NetC26_2 New Net Name=NetC7_2
Change Net Name : Old Net Name=NetC37_2 New Net Name=NetC28_2
Change Net Name : Old Net Name=NetC42_1 New Net Name=NetC48_1
Change Net Name : Old Net Name=NetC43_1 New Net Name=NetC47_1
Change Net Name : Old Net Name=NetC52_2 New Net Name=NetC50_2
Change Net Name : Old Net Name=NetC55_2 New Net Name=NetC58_2
Change Net Name : Old Net Name=NetDA3_1 New Net Name=NetDA4_1
Change Net Name : Old Net Name=NetDA3_2 New Net Name=NetDA4_2
Change Net Name : Old Net Name=NetDA3_4 New Net Name=NetDA4_4
Change Net Name : Old Net Name=NetDA3_5 New Net Name=NetDA4_5
Change Net Name : Old Net Name=NetDA4_1 New Net Name=NetDA5_1
Change Net Name : Old Net Name=NetDA4_2 New Net Name=NetDA5_2
Change Net Name : Old Net Name=NetDA4_4 New Net Name=NetDA5_4
Change Net Name : Old Net Name=NetDA4_5 New Net Name=NetDA5_5
Change Net Name : Old Net Name=NetHL2_1 New Net Name=NetHL3_1
Change Net Name : Old Net Name=NetHL3_1 New Net Name=NetHL2_1
Change Net Name : Old Net Name=NetR21_1 New Net Name=NetR16_1
Change Net Name : Old Net Name=NetR26_2 New Net Name=NetR27_2
Change Net Name : Old Net Name=NetR27_1 New Net Name=NetR15_1
Added Member To Class: ClassName=Power Member=Component DA3 NXP1117-1v8
